{'id': '220408_c16_0', 'c': 16, 'mode': 'train'}
[32mNote :: params/net/c0 = 16[0m
[32mPreprocess ... [0m
  MH_01_easy is already pre-processed.
  MH_02_easy is already pre-processed.
  MH_03_medium is already pre-processed.
  MH_04_difficult is already pre-processed.
  MH_05_difficult is already pre-processed.
  V1_01_easy is already pre-processed.
  V1_02_medium is already pre-processed.
  V1_03_difficult is already pre-processed.
  V2_01_easy is already pre-processed.
  V2_02_medium is already pre-processed.
  V2_03_difficult is already pre-processed.
  -- success --

[32mInitilaize DGANet ...[0m
  It's a DNN Model for denoising IMU sensor's raw measurements (both gryo & accel)
  -- success --

[1m[36m
========== Train ==========
[0m
[32mLoad nf.p ...[0m
[33m  Training sequences must be equel to Normalized sequences below[0m
  - MH_01_easy
  - MH_03_medium
  - MH_05_difficult
  - V1_02_medium
  - V2_01_easy
  - V2_03_difficult
[32mLoad nf.p ...[0m
[33m  Training sequences must be equel to Normalized sequences below[0m
  - MH_01_easy
  - MH_03_medium
  - MH_05_difficult
  - V1_02_medium
  - V2_01_easy
  - V2_03_difficult
[30mEpoch   40 Loss(train) 616.2060[0m
[30mEpoch   80 Loss(train) 587.4036[0m
[30mEpoch  120 Loss(train) 505.9553[0m
[30mEpoch  160 Loss(train) 404.4077[0m
[34mEpoch  200 Loss(val) Decrease - 10.17s[0m
  - current: 22.4723
  - best   : 10000.0000
[30mEpoch  240 Loss(train) 216.4153[0m
[30mEpoch  280 Loss(train) 151.1330[0m
[30mEpoch  320 Loss(train) 114.1242[0m
[30mEpoch  360 Loss(train) 93.8379[0m
[34mEpoch  400 Loss(val) Decrease - 10.17s[0m
  - current: 11.0448
  - best   : 22.4723
[30mEpoch  440 Loss(train) 74.9325[0m
[30mEpoch  480 Loss(train) 70.1205[0m
[30mEpoch  520 Loss(train) 67.3191[0m
[30mEpoch  560 Loss(train) 65.7363[0m
[34mEpoch  600 Loss(val) Decrease - 10.03s[0m
  - current: 10.0567
  - best   : 11.0448
[30mEpoch  640 Loss(train) 116.1330[0m
[30mEpoch  680 Loss(train) 82.4769[0m
[30mEpoch  720 Loss(train) 70.7809[0m
[30mEpoch  760 Loss(train) 66.1968[0m
[33mEpoch  800 Loss(val) Increase - 9.88s[0m
  - current: 10.4448
  - best   : 10.0567
[30mEpoch  840 Loss(train) 58.6622[0m
[30mEpoch  880 Loss(train) 57.7445[0m
[30mEpoch  920 Loss(train) 55.5459[0m
[30mEpoch  960 Loss(train) 54.7491[0m
[33mEpoch 1000 Loss(val) Increase - 22.48s[0m
  - current: 10.8542
  - best   : 10.0567
[30mEpoch 1040 Loss(train) 54.9340[0m
[30mEpoch 1080 Loss(train) 56.0406[0m
[30mEpoch 1120 Loss(train) 53.7828[0m
[30mEpoch 1160 Loss(train) 54.0816[0m
[33mEpoch 1200 Loss(val) Increase - 34.66s[0m
  - current: 10.1942
  - best   : 10.0567
[30mEpoch 1240 Loss(train) 53.2478[0m
[30mEpoch 1280 Loss(train) 52.5175[0m
[30mEpoch 1320 Loss(train) 52.1154[0m
[30mEpoch 1360 Loss(train) 51.8943[0m
[33mEpoch 1400 Loss(val) Increase - 34.46s[0m
  - current: 10.2420
  - best   : 10.0567
[30mEpoch 1440 Loss(train) 51.6500[0m
[30mEpoch 1480 Loss(train) 51.2055[0m
[30mEpoch 1520 Loss(train) 51.0431[0m
[30mEpoch 1560 Loss(train) 50.3735[0m
[34mEpoch 1600 Loss(val) Decrease - 34.46s[0m
  - current: 9.6531
  - best   : 10.0567
[30mEpoch 1640 Loss(train) 50.1920[0m
[30mEpoch 1680 Loss(train) 50.3926[0m
[30mEpoch 1720 Loss(train) 49.9512[0m
[30mEpoch 1760 Loss(train) 49.5421[0m
[34mEpoch 1800 Loss(val) Decrease - 34.70s[0m
  - current: 9.6376
  - best   : 9.6531
[30mEpoch 1840 Loss(train) 105.9062[0m
[30mEpoch 1880 Loss(train) 75.5985[0m
[30mEpoch 1920 Loss(train) 66.0615[0m
[30mEpoch 1960 Loss(train) 61.9381[0m
[33mEpoch 2000 Loss(val) Increase - 34.89s[0m
  - current: 10.7512
  - best   : 9.6376
[30mEpoch 2040 Loss(train) 56.7017[0m
[30mEpoch 2080 Loss(train) 57.1829[0m
[30mEpoch 2120 Loss(train) 55.3904[0m
[30mEpoch 2160 Loss(train) 56.1237[0m
[33mEpoch 2200 Loss(val) Increase - 34.74s[0m
  - current: 9.7566
  - best   : 9.6376
[30mEpoch 2240 Loss(train) 54.2684[0m
[30mEpoch 2280 Loss(train) 53.4287[0m
[30mEpoch 2320 Loss(train) 54.2039[0m
[30mEpoch 2360 Loss(train) 53.2029[0m
[33mEpoch 2400 Loss(val) Increase - 34.95s[0m
  - current: 10.5239
  - best   : 9.6376
[30mEpoch 2440 Loss(train) 52.9099[0m
[30mEpoch 2480 Loss(train) 53.0512[0m
[30mEpoch 2520 Loss(train) 53.9846[0m
[30mEpoch 2560 Loss(train) 54.3790[0m
[33mEpoch 2600 Loss(val) Increase - 35.14s[0m
  - current: 9.9568
  - best   : 9.6376
[30mEpoch 2640 Loss(train) 52.0858[0m
[30mEpoch 2680 Loss(train) 52.4176[0m
[30mEpoch 2720 Loss(train) 51.5306[0m
[30mEpoch 2760 Loss(train) 52.1892[0m
[33mEpoch 2800 Loss(val) Increase - 34.96s[0m
  - current: 10.2588
  - best   : 9.6376
[30mEpoch 2840 Loss(train) 50.6351[0m
[30mEpoch 2880 Loss(train) 51.8530[0m
[30mEpoch 2920 Loss(train) 51.1366[0m
[30mEpoch 2960 Loss(train) 51.1960[0m
[33mEpoch 3000 Loss(val) Increase - 35.05s[0m
  - current: 10.4583
  - best   : 9.6376
[30mEpoch 3040 Loss(train) 51.2737[0m
[30mEpoch 3080 Loss(train) 49.8126[0m
[30mEpoch 3120 Loss(train) 49.7214[0m
[30mEpoch 3160 Loss(train) 50.3234[0m
[33mEpoch 3200 Loss(val) Increase - 35.23s[0m
  - current: 10.1155
  - best   : 9.6376
[30mEpoch 3240 Loss(train) 50.2437[0m
[30mEpoch 3280 Loss(train) 49.7321[0m
[30mEpoch 3320 Loss(train) 49.3095[0m
[30mEpoch 3360 Loss(train) 49.3325[0m
[33mEpoch 3400 Loss(val) Increase - 35.03s[0m
  - current: 9.9039
  - best   : 9.6376
[30mEpoch 3440 Loss(train) 49.5777[0m
[30mEpoch 3480 Loss(train) 49.0799[0m
[30mEpoch 3520 Loss(train) 49.5116[0m
[30mEpoch 3560 Loss(train) 49.0051[0m
[33mEpoch 3600 Loss(val) Increase - 35.21s[0m
  - current: 10.0106
  - best   : 9.6376
[30mEpoch 3640 Loss(train) 48.7155[0m
[30mEpoch 3680 Loss(train) 48.9230[0m
[30mEpoch 3720 Loss(train) 48.8659[0m
[30mEpoch 3760 Loss(train) 48.8707[0m
[33mEpoch 3800 Loss(val) Increase - 35.33s[0m
  - current: 10.0390
  - best   : 9.6376
[30mEpoch 3840 Loss(train) 49.2203[0m
[30mEpoch 3880 Loss(train) 48.5766[0m
[30mEpoch 3920 Loss(train) 48.2402[0m
[30mEpoch 3960 Loss(train) 48.7064[0m
[33mEpoch 4000 Loss(val) Increase - 35.09s[0m
  - current: 9.9728
  - best   : 9.6376
[30mEpoch 4040 Loss(train) 48.3701[0m
[30mEpoch 4080 Loss(train) 48.0451[0m
[30mEpoch 4120 Loss(train) 48.1361[0m
[30mEpoch 4160 Loss(train) 48.0809[0m
[33mEpoch 4200 Loss(val) Increase - 35.25s[0m
  - current: 9.8893
  - best   : 9.6376
[30mEpoch 4240 Loss(train) 158.2531[0m
[30mEpoch 4280 Loss(train) 96.0969[0m
[30mEpoch 4320 Loss(train) 79.3785[0m
[30mEpoch 4360 Loss(train) 71.7936[0m
[33mEpoch 4400 Loss(val) Increase - 35.42s[0m
  - current: 11.9455
  - best   : 9.6376
[30mEpoch 4440 Loss(train) 64.6416[0m
[30mEpoch 4480 Loss(train) 64.0604[0m
[30mEpoch 4520 Loss(train) 61.6287[0m
[30mEpoch 4560 Loss(train) 58.7817[0m
[33mEpoch 4600 Loss(val) Increase - 35.19s[0m
  - current: 9.9179
  - best   : 9.6376
[30mEpoch 4640 Loss(train) 55.6512[0m
[30mEpoch 4680 Loss(train) 55.5968[0m
[30mEpoch 4720 Loss(train) 53.9737[0m
[30mEpoch 4760 Loss(train) 54.8602[0m
[33mEpoch 4800 Loss(val) Increase - 35.26s[0m
  - current: 10.0519
  - best   : 9.6376
[30mEpoch 4840 Loss(train) 54.5329[0m
[30mEpoch 4880 Loss(train) 55.4680[0m
[30mEpoch 4920 Loss(train) 53.2662[0m
[30mEpoch 4960 Loss(train) 54.5404[0m
[33mEpoch 5000 Loss(val) Increase - 35.45s[0m
  - current: 10.0395
  - best   : 9.6376
[30mEpoch 5040 Loss(train) 53.9248[0m
[30mEpoch 5080 Loss(train) 53.6215[0m
[30mEpoch 5120 Loss(train) 52.9376[0m
[30mEpoch 5160 Loss(train) 54.9542[0m
[33mEpoch 5200 Loss(val) Increase - 35.24s[0m
  - current: 9.8150
  - best   : 9.6376
[30mEpoch 5240 Loss(train) 52.7242[0m
[30mEpoch 5280 Loss(train) 51.4159[0m
[30mEpoch 5320 Loss(train) 53.7852[0m
[30mEpoch 5360 Loss(train) 51.3215[0m
[33mEpoch 5400 Loss(val) Increase - 35.34s[0m
  - current: 10.2707
  - best   : 9.6376
[30mEpoch 5440 Loss(train) 51.2723[0m
[30mEpoch 5480 Loss(train) 51.3358[0m
[30mEpoch 5520 Loss(train) 53.5056[0m
[30mEpoch 5560 Loss(train) 51.1740[0m
[33mEpoch 5600 Loss(val) Increase - 35.51s[0m
  - current: 9.9770
  - best   : 9.6376
[30mEpoch 5640 Loss(train) 50.4587[0m
[30mEpoch 5680 Loss(train) 51.2986[0m
[30mEpoch 5720 Loss(train) 50.8645[0m
[30mEpoch 5760 Loss(train) 51.2526[0m
[34mEpoch 5800 Loss(val) Decrease - 35.32s[0m
  - current: 9.4334
  - best   : 9.6376
[30mEpoch 5840 Loss(train) 51.2018[0m
[30mEpoch 5880 Loss(train) 50.5112[0m
[30mEpoch 5920 Loss(train) 50.9365[0m
[30mEpoch 5960 Loss(train) 50.9131[0m
[33mEpoch 6000 Loss(val) Increase - 35.36s[0m
  - current: 9.9107
  - best   : 9.4334
[1m[36m
  Train is over  
[0m
[32mTesting ... [0m
[32mLoad nf.p ...[0m
[33m  Training sequences must be equel to Normalized sequences below[0m
  - MH_01_easy
  - MH_03_medium
  - MH_05_difficult
  - V1_02_medium
  - V2_01_easy
  - V2_03_difficult
  final_loss/val:  9.433398896581451
  final_loss/test:  34.98971595157916
{'mode': 'train', 'c': 16, 'id': '220408_c16_1'}
[32mNote :: params/net/c0 = 16[0m
[32mPreprocess ... [0m
  MH_01_easy is already pre-processed.
  MH_02_easy is already pre-processed.
  MH_03_medium is already pre-processed.
  MH_04_difficult is already pre-processed.
  MH_05_difficult is already pre-processed.
  V1_01_easy is already pre-processed.
  V1_02_medium is already pre-processed.
  V1_03_difficult is already pre-processed.
  V2_01_easy is already pre-processed.
  V2_02_medium is already pre-processed.
  V2_03_difficult is already pre-processed.
  -- success --

[32mInitilaize DGANet ...[0m
  It's a DNN Model for denoising IMU sensor's raw measurements (both gryo & accel)
  -- success --

[1m[36m
========== Train ==========
[0m
[32mLoad nf.p ...[0m
[33m  Training sequences must be equel to Normalized sequences below[0m
  - MH_01_easy
  - MH_03_medium
  - MH_05_difficult
  - V1_02_medium
  - V2_01_easy
  - V2_03_difficult
[32mLoad nf.p ...[0m
[33m  Training sequences must be equel to Normalized sequences below[0m
  - MH_01_easy
  - MH_03_medium
  - MH_05_difficult
  - V1_02_medium
  - V2_01_easy
  - V2_03_difficult
[30mEpoch   40 Loss(train) 611.4640[0m
[30mEpoch   80 Loss(train) 572.3799[0m
[30mEpoch  120 Loss(train) 491.3814[0m
[30mEpoch  160 Loss(train) 406.6057[0m
[34mEpoch  200 Loss(val) Decrease - 35.62s[0m
  - current: 22.7361
  - best   : 10000.0000
[30mEpoch  240 Loss(train) 232.3540[0m
[30mEpoch  280 Loss(train) 166.0557[0m
[30mEpoch  320 Loss(train) 124.0384[0m
[30mEpoch  360 Loss(train) 99.0916[0m
[34mEpoch  400 Loss(val) Decrease - 35.34s[0m
  - current: 11.8695
  - best   : 22.7361
[30mEpoch  440 Loss(train) 76.4749[0m
[30mEpoch  480 Loss(train) 71.0557[0m
[30mEpoch  520 Loss(train) 68.0633[0m
[30mEpoch  560 Loss(train) 66.7030[0m
[34mEpoch  600 Loss(val) Decrease - 35.49s[0m
  - current: 11.0163
  - best   : 11.8695
[30mEpoch  640 Loss(train) 131.9313[0m
[30mEpoch  680 Loss(train) 93.3629[0m
[30mEpoch  720 Loss(train) 77.1403[0m
[30mEpoch  760 Loss(train) 71.3853[0m
[33mEpoch  800 Loss(val) Increase - 36.40s[0m
  - current: 11.6271
  - best   : 11.0163
[30mEpoch  840 Loss(train) 60.5356[0m
[30mEpoch  880 Loss(train) 59.1632[0m
[30mEpoch  920 Loss(train) 56.7150[0m
[30mEpoch  960 Loss(train) 56.4954[0m
[34mEpoch 1000 Loss(val) Decrease - 35.92s[0m
  - current: 10.9152
  - best   : 11.0163
[30mEpoch 1040 Loss(train) 53.8282[0m
[30mEpoch 1080 Loss(train) 53.7951[0m
[30mEpoch 1120 Loss(train) 53.9707[0m
[30mEpoch 1160 Loss(train) 54.4815[0m
[34mEpoch 1200 Loss(val) Decrease - 36.34s[0m
  - current: 10.8837
  - best   : 10.9152
[30mEpoch 1240 Loss(train) 53.1472[0m
[30mEpoch 1280 Loss(train) 52.5563[0m
[30mEpoch 1320 Loss(train) 51.5353[0m
[30mEpoch 1360 Loss(train) 51.9331[0m
[34mEpoch 1400 Loss(val) Decrease - 36.08s[0m
  - current: 10.4623
  - best   : 10.8837
[30mEpoch 1440 Loss(train) 51.6404[0m
[30mEpoch 1480 Loss(train) 50.8977[0m
[30mEpoch 1520 Loss(train) 50.5768[0m
[30mEpoch 1560 Loss(train) 50.6665[0m
[33mEpoch 1600 Loss(val) Increase - 35.99s[0m
  - current: 10.6078
  - best   : 10.4623
[30mEpoch 1640 Loss(train) 50.1623[0m
[30mEpoch 1680 Loss(train) 50.0230[0m
[30mEpoch 1720 Loss(train) 50.1022[0m
[30mEpoch 1760 Loss(train) 49.8610[0m
[34mEpoch 1800 Loss(val) Decrease - 35.87s[0m
  - current: 10.4254
  - best   : 10.4623
[30mEpoch 1840 Loss(train) 113.4820[0m
[30mEpoch 1880 Loss(train) 82.3659[0m
[30mEpoch 1920 Loss(train) 70.7215[0m
[30mEpoch 1960 Loss(train) 64.9070[0m
[33mEpoch 2000 Loss(val) Increase - 35.86s[0m
  - current: 10.5877
  - best   : 10.4254
[30mEpoch 2040 Loss(train) 59.4724[0m
[30mEpoch 2080 Loss(train) 57.7052[0m
[30mEpoch 2120 Loss(train) 56.6709[0m
[30mEpoch 2160 Loss(train) 56.0901[0m
[33mEpoch 2200 Loss(val) Increase - 36.31s[0m
  - current: 10.4589
  - best   : 10.4254
[30mEpoch 2240 Loss(train) 55.9002[0m
[30mEpoch 2280 Loss(train) 55.0861[0m
[30mEpoch 2320 Loss(train) 53.8153[0m
[30mEpoch 2360 Loss(train) 53.4941[0m
[33mEpoch 2400 Loss(val) Increase - 36.47s[0m
  - current: 10.6655
  - best   : 10.4254
[30mEpoch 2440 Loss(train) 54.9195[0m
[30mEpoch 2480 Loss(train) 53.6743[0m
[30mEpoch 2520 Loss(train) 52.8386[0m
[30mEpoch 2560 Loss(train) 52.6919[0m
[33mEpoch 2600 Loss(val) Increase - 36.02s[0m
  - current: 10.7568
  - best   : 10.4254
[30mEpoch 2640 Loss(train) 53.4200[0m
[30mEpoch 2680 Loss(train) 51.4611[0m
[30mEpoch 2720 Loss(train) 52.0786[0m
[30mEpoch 2760 Loss(train) 51.9767[0m
[33mEpoch 2800 Loss(val) Increase - 36.01s[0m
  - current: 10.6514
  - best   : 10.4254
[30mEpoch 2840 Loss(train) 51.1601[0m
[30mEpoch 2880 Loss(train) 51.7136[0m
[30mEpoch 2920 Loss(train) 50.4403[0m
[30mEpoch 2960 Loss(train) 51.1462[0m
[33mEpoch 3000 Loss(val) Increase - 35.84s[0m
  - current: 10.6545
  - best   : 10.4254
[30mEpoch 3040 Loss(train) 50.3766[0m
[30mEpoch 3080 Loss(train) 50.0712[0m
[30mEpoch 3120 Loss(train) 50.1389[0m
[30mEpoch 3160 Loss(train) 49.8708[0m
[33mEpoch 3200 Loss(val) Increase - 35.93s[0m
  - current: 10.7537
  - best   : 10.4254
[30mEpoch 3240 Loss(train) 49.8039[0m
[30mEpoch 3280 Loss(train) 49.5237[0m
[30mEpoch 3320 Loss(train) 49.9685[0m
[30mEpoch 3360 Loss(train) 49.0058[0m
[33mEpoch 3400 Loss(val) Increase - 35.99s[0m
  - current: 10.9307
  - best   : 10.4254
[30mEpoch 3440 Loss(train) 49.3997[0m
[30mEpoch 3480 Loss(train) 49.5850[0m
[30mEpoch 3520 Loss(train) 49.5980[0m
[30mEpoch 3560 Loss(train) 48.9910[0m
[33mEpoch 3600 Loss(val) Increase - 35.93s[0m
  - current: 10.9264
  - best   : 10.4254
[30mEpoch 3640 Loss(train) 49.1790[0m
[30mEpoch 3680 Loss(train) 48.9036[0m
[30mEpoch 3720 Loss(train) 48.3230[0m
[30mEpoch 3760 Loss(train) 48.7223[0m
[33mEpoch 3800 Loss(val) Increase - 35.79s[0m
  - current: 11.1854
  - best   : 10.4254
[30mEpoch 3840 Loss(train) 48.7697[0m
[30mEpoch 3880 Loss(train) 48.4142[0m
[30mEpoch 3920 Loss(train) 48.1372[0m
[30mEpoch 3960 Loss(train) 48.3790[0m
[33mEpoch 4000 Loss(val) Increase - 36.25s[0m
  - current: 11.0703
  - best   : 10.4254
[30mEpoch 4040 Loss(train) 48.6068[0m
[30mEpoch 4080 Loss(train) 47.8760[0m
[30mEpoch 4120 Loss(train) 48.3081[0m
[30mEpoch 4160 Loss(train) 47.9715[0m
[33mEpoch 4200 Loss(val) Increase - 36.21s[0m
  - current: 11.1630
  - best   : 10.4254
[30mEpoch 4240 Loss(train) 132.8576[0m
[30mEpoch 4280 Loss(train) 87.3580[0m
[30mEpoch 4320 Loss(train) 75.8192[0m
[30mEpoch 4360 Loss(train) 71.4692[0m
[33mEpoch 4400 Loss(val) Increase - 35.46s[0m
  - current: 11.1262
  - best   : 10.4254
[30mEpoch 4440 Loss(train) 65.3474[0m
[30mEpoch 4480 Loss(train) 60.1883[0m
[30mEpoch 4520 Loss(train) 58.7295[0m
[30mEpoch 4560 Loss(train) 56.4230[0m
[34mEpoch 4600 Loss(val) Decrease - 35.61s[0m
  - current: 10.1516
  - best   : 10.4254
[30mEpoch 4640 Loss(train) 55.9864[0m
[30mEpoch 4680 Loss(train) 55.3003[0m
[30mEpoch 4720 Loss(train) 53.7383[0m
[30mEpoch 4760 Loss(train) 54.4057[0m
[33mEpoch 4800 Loss(val) Increase - 35.52s[0m
  - current: 10.3172
  - best   : 10.1516
[30mEpoch 4840 Loss(train) 55.1523[0m
[30mEpoch 4880 Loss(train) 53.8261[0m
[30mEpoch 4920 Loss(train) 52.9057[0m
[30mEpoch 4960 Loss(train) 53.6790[0m
[33mEpoch 5000 Loss(val) Increase - 35.34s[0m
  - current: 10.5481
  - best   : 10.1516
[30mEpoch 5040 Loss(train) 53.0224[0m
[30mEpoch 5080 Loss(train) 53.5361[0m
[30mEpoch 5120 Loss(train) 53.6978[0m
[30mEpoch 5160 Loss(train) 54.1065[0m
[33mEpoch 5200 Loss(val) Increase - 35.39s[0m
  - current: 10.3299
  - best   : 10.1516
[30mEpoch 5240 Loss(train) 53.1229[0m
[30mEpoch 5280 Loss(train) 53.6761[0m
[30mEpoch 5320 Loss(train) 51.3140[0m
[30mEpoch 5360 Loss(train) 54.2667[0m
[33mEpoch 5400 Loss(val) Increase - 35.50s[0m
  - current: 10.4769
  - best   : 10.1516
[30mEpoch 5440 Loss(train) 54.0867[0m
[30mEpoch 5480 Loss(train) 50.9843[0m
[30mEpoch 5520 Loss(train) 51.9880[0m
[30mEpoch 5560 Loss(train) 51.9605[0m
[33mEpoch 5600 Loss(val) Increase - 36.18s[0m
  - current: 11.3209
  - best   : 10.1516
[30mEpoch 5640 Loss(train) 50.3645[0m
[30mEpoch 5680 Loss(train) 50.8646[0m
[30mEpoch 5720 Loss(train) 51.2431[0m
[30mEpoch 5760 Loss(train) 51.4686[0m
[33mEpoch 5800 Loss(val) Increase - 35.93s[0m
  - current: 11.2215
  - best   : 10.1516
[30mEpoch 5840 Loss(train) 51.5824[0m
[30mEpoch 5880 Loss(train) 50.2389[0m
[30mEpoch 5920 Loss(train) 50.9267[0m
[30mEpoch 5960 Loss(train) 51.4387[0m
[33mEpoch 6000 Loss(val) Increase - 35.68s[0m
  - current: 11.2362
  - best   : 10.1516
[1m[36m
  Train is over  
[0m
[32mTesting ... [0m
[32mLoad nf.p ...[0m
[33m  Training sequences must be equel to Normalized sequences below[0m
  - MH_01_easy
  - MH_03_medium
  - MH_05_difficult
  - V1_02_medium
  - V2_01_easy
  - V2_03_difficult
  final_loss/val:  10.15164417482915
  final_loss/test:  37.67783792822193
{'id': '220408_c32_1', 'mode': 'train', 'c': 32}
[32mNote :: params/net/c0 = 32[0m
[32mPreprocess ... [0m
  MH_01_easy is already pre-processed.
  MH_02_easy is already pre-processed.
  MH_03_medium is already pre-processed.
  MH_04_difficult is already pre-processed.
  MH_05_difficult is already pre-processed.
  V1_01_easy is already pre-processed.
  V1_02_medium is already pre-processed.
  V1_03_difficult is already pre-processed.
  V2_01_easy is already pre-processed.
  V2_02_medium is already pre-processed.
  V2_03_difficult is already pre-processed.
  -- success --

[32mInitilaize DGANet ...[0m
  It's a DNN Model for denoising IMU sensor's raw measurements (both gryo & accel)
  -- success --

[1m[36m
========== Train ==========
[0m
[32mLoad nf.p ...[0m
[33m  Training sequences must be equel to Normalized sequences below[0m
  - MH_01_easy
  - MH_03_medium
  - MH_05_difficult
  - V1_02_medium
  - V2_01_easy
  - V2_03_difficult
[32mLoad nf.p ...[0m
[33m  Training sequences must be equel to Normalized sequences below[0m
  - MH_01_easy
  - MH_03_medium
  - MH_05_difficult
  - V1_02_medium
  - V2_01_easy
  - V2_03_difficult
[30mEpoch   40 Loss(train) 603.8442[0m
[30mEpoch   80 Loss(train) 542.6572[0m
[30mEpoch  120 Loss(train) 436.1327[0m
[30mEpoch  160 Loss(train) 302.6200[0m
[34mEpoch  200 Loss(val) Decrease - 39.72s[0m
  - current: 18.3317
  - best   : 10000.0000
[30mEpoch  240 Loss(train) 132.4340[0m
[30mEpoch  280 Loss(train) 87.1460[0m
[30mEpoch  320 Loss(train) 69.6489[0m
[30mEpoch  360 Loss(train) 60.1369[0m
[34mEpoch  400 Loss(val) Decrease - 39.90s[0m
  - current: 10.3167
  - best   : 18.3317
[30mEpoch  440 Loss(train) 53.0769[0m
[30mEpoch  480 Loss(train) 51.0675[0m
[30mEpoch  520 Loss(train) 50.5740[0m
[30mEpoch  560 Loss(train) 49.6408[0m
[34mEpoch  600 Loss(val) Decrease - 40.51s[0m
  - current: 10.0314
  - best   : 10.3167
[30mEpoch  640 Loss(train) 153.1103[0m
[30mEpoch  680 Loss(train) 90.1287[0m
[30mEpoch  720 Loss(train) 76.2943[0m
[30mEpoch  760 Loss(train) 66.1089[0m
[33mEpoch  800 Loss(val) Increase - 40.37s[0m
  - current: 12.7003
  - best   : 10.0314
[30mEpoch  840 Loss(train) 55.8280[0m
[30mEpoch  880 Loss(train) 54.8275[0m
[30mEpoch  920 Loss(train) 52.7662[0m
[30mEpoch  960 Loss(train) 53.6765[0m
[33mEpoch 1000 Loss(val) Increase - 40.94s[0m
  - current: 10.8844
  - best   : 10.0314
[30mEpoch 1040 Loss(train) 49.6237[0m
[30mEpoch 1080 Loss(train) 48.6663[0m
[30mEpoch 1120 Loss(train) 50.7496[0m
[30mEpoch 1160 Loss(train) 47.2082[0m
[34mEpoch 1200 Loss(val) Decrease - 41.26s[0m
  - current: 9.8248
  - best   : 10.0314
[30mEpoch 1240 Loss(train) 47.1103[0m
[30mEpoch 1280 Loss(train) 46.8122[0m
[30mEpoch 1320 Loss(train) 46.2426[0m
[30mEpoch 1360 Loss(train) 45.9283[0m
[33mEpoch 1400 Loss(val) Increase - 39.57s[0m
  - current: 10.1707
  - best   : 9.8248
[30mEpoch 1440 Loss(train) 45.5346[0m
[30mEpoch 1480 Loss(train) 44.5751[0m
[30mEpoch 1520 Loss(train) 44.6296[0m
[30mEpoch 1560 Loss(train) 44.5668[0m
[33mEpoch 1600 Loss(val) Increase - 39.38s[0m
  - current: 9.9490
  - best   : 9.8248
[30mEpoch 1640 Loss(train) 44.0252[0m
[30mEpoch 1680 Loss(train) 43.7149[0m
[30mEpoch 1720 Loss(train) 43.7823[0m
[30mEpoch 1760 Loss(train) 43.3922[0m
[33mEpoch 1800 Loss(val) Increase - 40.42s[0m
  - current: 9.9625
  - best   : 9.8248
[30mEpoch 1840 Loss(train) 140.1311[0m
[30mEpoch 1880 Loss(train) 84.3252[0m
[30mEpoch 1920 Loss(train) 71.7133[0m
[30mEpoch 1960 Loss(train) 61.9575[0m
[33mEpoch 2000 Loss(val) Increase - 40.10s[0m
  - current: 11.1846
  - best   : 9.8248
[30mEpoch 2040 Loss(train) 56.0252[0m
[30mEpoch 2080 Loss(train) 53.4573[0m
[30mEpoch 2120 Loss(train) 54.9932[0m
[30mEpoch 2160 Loss(train) 53.3303[0m
[33mEpoch 2200 Loss(val) Increase - 40.29s[0m
  - current: 11.1118
  - best   : 9.8248
[30mEpoch 2240 Loss(train) 51.3281[0m
[30mEpoch 2280 Loss(train) 54.5463[0m
[30mEpoch 2320 Loss(train) 50.9543[0m
[30mEpoch 2360 Loss(train) 48.6661[0m
[33mEpoch 2400 Loss(val) Increase - 40.38s[0m
  - current: 10.4654
  - best   : 9.8248
[30mEpoch 2440 Loss(train) 49.7093[0m
[30mEpoch 2480 Loss(train) 48.6454[0m
[30mEpoch 2520 Loss(train) 49.7676[0m
[30mEpoch 2560 Loss(train) 48.9396[0m
[33mEpoch 2600 Loss(val) Increase - 40.14s[0m
  - current: 11.1426
  - best   : 9.8248
[30mEpoch 2640 Loss(train) 48.0911[0m
[30mEpoch 2680 Loss(train) 48.2436[0m
[30mEpoch 2720 Loss(train) 50.7741[0m
[30mEpoch 2760 Loss(train) 46.1441[0m
[33mEpoch 2800 Loss(val) Increase - 40.89s[0m
  - current: 10.4750
  - best   : 9.8248
[30mEpoch 2840 Loss(train) 47.9249[0m
[30mEpoch 2880 Loss(train) 46.2119[0m
[30mEpoch 2920 Loss(train) 46.0839[0m
[30mEpoch 2960 Loss(train) 47.0773[0m
[33mEpoch 3000 Loss(val) Increase - 39.91s[0m
  - current: 10.8705
  - best   : 9.8248
[30mEpoch 3040 Loss(train) 45.4755[0m
[30mEpoch 3080 Loss(train) 45.3493[0m
[30mEpoch 3120 Loss(train) 45.4042[0m
[30mEpoch 3160 Loss(train) 44.4404[0m
[33mEpoch 3200 Loss(val) Increase - 39.84s[0m
  - current: 10.2051
  - best   : 9.8248
[30mEpoch 3240 Loss(train) 44.0715[0m
[30mEpoch 3280 Loss(train) 44.3935[0m
[30mEpoch 3320 Loss(train) 44.3945[0m
[30mEpoch 3360 Loss(train) 43.9293[0m
[33mEpoch 3400 Loss(val) Increase - 39.80s[0m
  - current: 10.4891
  - best   : 9.8248
[30mEpoch 3440 Loss(train) 43.8028[0m
[30mEpoch 3480 Loss(train) 42.9932[0m
[30mEpoch 3520 Loss(train) 43.6621[0m
[30mEpoch 3560 Loss(train) 43.4102[0m
[33mEpoch 3600 Loss(val) Increase - 39.94s[0m
  - current: 10.7858
  - best   : 9.8248
[30mEpoch 3640 Loss(train) 43.2093[0m
[30mEpoch 3680 Loss(train) 43.3706[0m
[30mEpoch 3720 Loss(train) 43.2225[0m
[30mEpoch 3760 Loss(train) 43.3837[0m
[33mEpoch 3800 Loss(val) Increase - 39.42s[0m
  - current: 10.5320
  - best   : 9.8248
[30mEpoch 3840 Loss(train) 42.7401[0m
[30mEpoch 3880 Loss(train) 42.9126[0m
[30mEpoch 3920 Loss(train) 42.9219[0m
[30mEpoch 3960 Loss(train) 42.5211[0m
[33mEpoch 4000 Loss(val) Increase - 39.49s[0m
  - current: 10.5881
  - best   : 9.8248
[30mEpoch 4040 Loss(train) 42.4765[0m
[30mEpoch 4080 Loss(train) 42.1671[0m
[30mEpoch 4120 Loss(train) 42.6653[0m
[30mEpoch 4160 Loss(train) 42.3479[0m
[33mEpoch 4200 Loss(val) Increase - 39.74s[0m
  - current: 10.3696
  - best   : 9.8248
[30mEpoch 4240 Loss(train) 150.2276[0m
[30mEpoch 4280 Loss(train) 100.0326[0m
[30mEpoch 4320 Loss(train) 72.9223[0m
[30mEpoch 4360 Loss(train) 62.0878[0m
[33mEpoch 4400 Loss(val) Increase - 39.61s[0m
  - current: 11.8130
  - best   : 9.8248
[30mEpoch 4440 Loss(train) 57.9230[0m
[30mEpoch 4480 Loss(train) 54.9524[0m
[30mEpoch 4520 Loss(train) 54.0174[0m
[30mEpoch 4560 Loss(train) 50.9364[0m
[33mEpoch 4600 Loss(val) Increase - 39.34s[0m
  - current: 10.6776
  - best   : 9.8248
[30mEpoch 4640 Loss(train) 51.1021[0m
[30mEpoch 4680 Loss(train) 49.8373[0m
[30mEpoch 4720 Loss(train) 49.1262[0m
[30mEpoch 4760 Loss(train) 50.9046[0m
[33mEpoch 4800 Loss(val) Increase - 39.61s[0m
  - current: 11.2531
  - best   : 9.8248
[30mEpoch 4840 Loss(train) 52.3454[0m
[30mEpoch 4880 Loss(train) 49.6837[0m
[30mEpoch 4920 Loss(train) 45.4995[0m
[30mEpoch 4960 Loss(train) 48.7957[0m
[33mEpoch 5000 Loss(val) Increase - 39.25s[0m
  - current: 10.2716
  - best   : 9.8248
[30mEpoch 5040 Loss(train) 49.4838[0m
[30mEpoch 5080 Loss(train) 49.0634[0m
[30mEpoch 5120 Loss(train) 48.4034[0m
[30mEpoch 5160 Loss(train) 47.5880[0m
[33mEpoch 5200 Loss(val) Increase - 39.35s[0m
  - current: 11.3658
  - best   : 9.8248
[30mEpoch 5240 Loss(train) 50.5039[0m
[30mEpoch 5280 Loss(train) 50.6887[0m
[30mEpoch 5320 Loss(train) 49.4848[0m
[30mEpoch 5360 Loss(train) 46.3463[0m
[33mEpoch 5400 Loss(val) Increase - 39.13s[0m
  - current: 11.6268
  - best   : 9.8248
[30mEpoch 5440 Loss(train) 47.2351[0m
[30mEpoch 5480 Loss(train) 46.5493[0m
[30mEpoch 5520 Loss(train) 45.9143[0m
[30mEpoch 5560 Loss(train) 45.9768[0m
[33mEpoch 5600 Loss(val) Increase - 39.51s[0m
  - current: 11.1664
  - best   : 9.8248
[30mEpoch 5640 Loss(train) 46.2379[0m
[30mEpoch 5680 Loss(train) 47.4756[0m
[30mEpoch 5720 Loss(train) 47.2590[0m
[30mEpoch 5760 Loss(train) 49.3958[0m
[33mEpoch 5800 Loss(val) Increase - 39.74s[0m
  - current: 11.0859
  - best   : 9.8248
[30mEpoch 5840 Loss(train) 46.9209[0m
[30mEpoch 5880 Loss(train) 46.5753[0m
[30mEpoch 5920 Loss(train) 45.6066[0m
[30mEpoch 5960 Loss(train) 45.1306[0m
[33mEpoch 6000 Loss(val) Increase - 39.23s[0m
  - current: 10.6660
  - best   : 9.8248
[1m[36m
  Train is over  
[0m
[32mTesting ... [0m
[32mLoad nf.p ...[0m
[33m  Training sequences must be equel to Normalized sequences below[0m
  - MH_01_easy
  - MH_03_medium
  - MH_05_difficult
  - V1_02_medium
  - V2_01_easy
  - V2_03_difficult
  final_loss/test:  37.8829740420352
  final_loss/val:  9.824840728367125
